<?xml version="1.0" encoding="UTF-8"?>
<!-- Generated by org.testng.reporters.JUnitXMLReporter -->
<testsuite ignored="0" hostname="LAPTOP-DSG6DPLD" failures="0" tests="6" name="Command line test" time="0.026" errors="0" timestamp="13 Sep 2021 05:32:36 GMT">
  <testcase classname="qaclickacademy.MavenExp.AppiumTest" name="IOSApps" time="0.006"/>
  <testcase classname="qaclickacademy.MavenExp.AppiumTest" name="NativeAPpAndroid" time="0.0"/>
  <testcase classname="qaclickacademy.MavenExp.RestApiTest" name="deleteTwitter" time="0.001"/>
  <testcase classname="qaclickacademy.MavenExp.RestApiTest" name="postJira" time="0.0"/>
  <testcase classname="qaclickacademy.MavenExp.SeleniumTest" name="BrowserAUtomation" time="0.0"/>
  <testcase classname="qaclickacademy.MavenExp.SeleniumTest" name="elementsUi" time="0.0"/>
</testsuite> <!-- Command line test -->
