<?xml version="1.0" encoding="UTF-8"?>
<testsuite xmlns:xsi="http://www.w3.org/2001/XMLSchema-instance" xsi:schemaLocation="https://maven.apache.org/surefire/maven-surefire-plugin/xsd/surefire-test-report.xsd" name="TestSuite" time="1.006" tests="6" errors="0" skipped="0" failures="0">
  <properties>
[...]
</properties>
  <testcase name="deleteTwitter" classname="qaclickacademy.MavenExp.RestApiTest" time="0.006"/>
  <testcase name="postJira" classname="qaclickacademy.MavenExp.RestApiTest" time="0"/>
  <testcase name="IOSApps" classname="qaclickacademy.MavenExp.AppiumTest" time="0.001"/>
  <testcase name="NativeAPpAndroid" classname="qaclickacademy.MavenExp.AppiumTest" time="0.001"/>
  <testcase name="BrowserAUtomation" classname="qaclickacademy.MavenExp.SeleniumTest" time="0.002"/>
  <testcase name="elementsUi" classname="qaclickacademy.MavenExp.SeleniumTest" time="0.001"/>
</testsuite>