<?xml version="1.0" encoding="UTF-8"?>
<testng-results ignored="0" total="6" passed="6" failed="0" skipped="0">
  <reporter-output>
  </reporter-output>
  <suite started-at="2021-09-13T05:32:48Z" name="Suite" finished-at="2021-09-13T05:32:48Z" duration-ms="24">
    <groups>
    </groups>
    <test started-at="2021-09-13T05:32:48Z" name="Test" finished-at="2021-09-13T05:32:48Z" duration-ms="24">
      <class name="qaclickacademy.MavenExp.AppiumTest">
        <test-method signature="IOSApps()[pri:0, instance:qaclickacademy.MavenExp.AppiumTest@57d7f8ca]" started-at="2021-09-13T11:02:48Z" name="IOSApps" finished-at="2021-09-13T11:02:48Z" duration-ms="0" status="PASS">
          <reporter-output>
          </reporter-output>
        </test-method> <!-- IOSApps -->
        <test-method signature="NativeAPpAndroid()[pri:0, instance:qaclickacademy.MavenExp.AppiumTest@57d7f8ca]" started-at="2021-09-13T11:02:48Z" name="NativeAPpAndroid" finished-at="2021-09-13T11:02:48Z" duration-ms="1" status="PASS">
          <reporter-output>
          </reporter-output>
        </test-method> <!-- NativeAPpAndroid -->
      </class> <!-- qaclickacademy.MavenExp.AppiumTest -->
      <class name="qaclickacademy.MavenExp.RestApiTest">
        <test-method signature="deleteTwitter()[pri:0, instance:qaclickacademy.MavenExp.RestApiTest@1b1426f4]" started-at="2021-09-13T11:02:48Z" name="deleteTwitter" finished-at="2021-09-13T11:02:48Z" duration-ms="6" status="PASS">
          <reporter-output>
          </reporter-output>
        </test-method> <!-- deleteTwitter -->
        <test-method signature="postJira()[pri:0, instance:qaclickacademy.MavenExp.RestApiTest@1b1426f4]" started-at="2021-09-13T11:02:48Z" name="postJira" finished-at="2021-09-13T11:02:48Z" duration-ms="0" status="PASS">
          <reporter-output>
          </reporter-output>
        </test-method> <!-- postJira -->
      </class> <!-- qaclickacademy.MavenExp.RestApiTest -->
      <class name="qaclickacademy.MavenExp.SeleniumTest">
        <test-method signature="BrowserAUtomation()[pri:0, instance:qaclickacademy.MavenExp.SeleniumTest@76c3e77a]" started-at="2021-09-13T11:02:48Z" name="BrowserAUtomation" finished-at="2021-09-13T11:02:48Z" duration-ms="0" status="PASS">
          <reporter-output>
          </reporter-output>
        </test-method> <!-- BrowserAUtomation -->
        <test-method signature="elementsUi()[pri:0, instance:qaclickacademy.MavenExp.SeleniumTest@76c3e77a]" started-at="2021-09-13T11:02:48Z" name="elementsUi" finished-at="2021-09-13T11:02:48Z" duration-ms="0" status="PASS">
          <reporter-output>
          </reporter-output>
        </test-method> <!-- elementsUi -->
      </class> <!-- qaclickacademy.MavenExp.SeleniumTest -->
    </test> <!-- Test -->
  </suite> <!-- Suite -->
</testng-results>
