<?xml version="1.0" encoding="UTF-8"?>
<testng-results ignored="0" total="2" passed="2" failed="0" skipped="0">
  <reporter-output>
  </reporter-output>
  <suite started-at="2021-09-13T10:32:22 IST" name="Default suite" finished-at="2021-09-13T10:32:22 IST" duration-ms="46">
    <groups>
    </groups>
    <test started-at="2021-09-13T10:32:22 IST" name="Default test" finished-at="2021-09-13T10:32:22 IST" duration-ms="46">
      <class name="qaclickacademy.MavenExp.RestApiTest">
        <test-method signature="deleteTwitter()[pri:0, instance:qaclickacademy.MavenExp.RestApiTest@78b66d36]" started-at="2021-09-13T10:32:22 IST" name="deleteTwitter" finished-at="2021-09-13T10:32:22 IST" duration-ms="7" status="PASS">
          <reporter-output>
          </reporter-output>
        </test-method> <!-- deleteTwitter -->
        <test-method signature="postJira()[pri:0, instance:qaclickacademy.MavenExp.RestApiTest@78b66d36]" started-at="2021-09-13T10:32:22 IST" name="postJira" finished-at="2021-09-13T10:32:22 IST" duration-ms="1" status="PASS">
          <reporter-output>
          </reporter-output>
        </test-method> <!-- postJira -->
      </class> <!-- qaclickacademy.MavenExp.RestApiTest -->
    </test> <!-- Default test -->
  </suite> <!-- Default suite -->
</testng-results>
